[2020-09-22 07:58:21,426] get directory keys - -
[2020-09-22 07:58:27,285] get directory keys/password - -
[2020-09-22 07:58:33,861] get directory keys - -
[2020-09-22 07:58:36,021] get directory keys/password - -
[2020-09-22 07:58:40,770] get directory keys - -
[2020-09-22 07:58:43,561] get directory keys/new-keys - -
[2020-09-22 07:58:46,301] get directory keys - -
[2020-09-22 07:58:48,772] get directory keys/pub-key - -
[2020-09-22 07:58:51,121] get directory keys - -
[2020-09-22 07:58:53,948] get directory keys/password - -
[2020-09-22 08:14:50,473] get directory keys - -
[2020-09-22 08:15:40,191] get directory keys - -
[2020-09-22 08:22:16,220] get directory keys - -
[2020-09-22 08:23:08,739] get directory keys - -
[2020-09-22 08:45:56,024] get directory keys - -
[2020-09-22 08:47:09,583] create file keys/serveur8/serveur8 - [Rundeck-content-size:11, Rundeck-data-type:password, Rundeck-content-mask:content, Rundeck-content-creation-time:2020-09-22T08:47:09Z, Rundeck-auth-created-username:admin, Rundeck-auth-modified-username:admin, Rundeck-content-modify-time:2020-09-22T08:47:09Z, Rundeck-content-type:application/x-rundeck-data-password]
[2020-09-22 08:47:11,250] get directory keys/serveur8 - -
[2020-09-22 08:47:21,042] get directory keys/serveur8 - -
[2020-09-22 08:47:30,893] get directory keys/serveur8 - -
[2020-09-22 08:48:56,759] get file keys/password-rundeck - [Rundeck-content-size:7, Rundeck-data-type:password, Rundeck-content-mask:content, Rundeck-content-creation-time:2020-09-01T08:09:26Z, Rundeck-auth-created-username:admin, Rundeck-auth-modified-username:admin, Rundeck-content-modify-time:2020-09-01T08:09:26Z, Rundeck-content-type:application/x-rundeck-data-password]
[2020-09-22 08:51:30,124] get file keys/serveur8/serveur8 - [Rundeck-content-size:11, Rundeck-data-type:password, Rundeck-content-mask:content, Rundeck-content-creation-time:2020-09-22T08:47:09Z, Rundeck-auth-created-username:admin, Rundeck-auth-modified-username:admin, Rundeck-content-modify-time:2020-09-22T08:47:09Z, Rundeck-content-type:application/x-rundeck-data-password]
[2020-09-22 08:56:47,436] get file keys/serveur8/serveur8 - [Rundeck-content-size:11, Rundeck-data-type:password, Rundeck-content-mask:content, Rundeck-content-creation-time:2020-09-22T08:47:09Z, Rundeck-auth-created-username:admin, Rundeck-auth-modified-username:admin, Rundeck-content-modify-time:2020-09-22T08:47:09Z, Rundeck-content-type:application/x-rundeck-data-password]
[2020-09-22 09:00:38,741] get file keys/serveur8/serveur8 - [Rundeck-content-size:11, Rundeck-data-type:password, Rundeck-content-mask:content, Rundeck-content-creation-time:2020-09-22T08:47:09Z, Rundeck-auth-created-username:admin, Rundeck-auth-modified-username:admin, Rundeck-content-modify-time:2020-09-22T08:47:09Z, Rundeck-content-type:application/x-rundeck-data-password]
[2020-09-22 09:02:02,214] get file keys/serveur8/serveur8 - [Rundeck-content-size:11, Rundeck-data-type:password, Rundeck-content-mask:content, Rundeck-content-creation-time:2020-09-22T08:47:09Z, Rundeck-auth-created-username:admin, Rundeck-auth-modified-username:admin, Rundeck-content-modify-time:2020-09-22T08:47:09Z, Rundeck-content-type:application/x-rundeck-data-password]
[2020-09-22 09:06:17,216] get file keys/serveur8/serveur8 - [Rundeck-content-size:11, Rundeck-data-type:password, Rundeck-content-mask:content, Rundeck-content-creation-time:2020-09-22T08:47:09Z, Rundeck-auth-created-username:admin, Rundeck-auth-modified-username:admin, Rundeck-content-modify-time:2020-09-22T08:47:09Z, Rundeck-content-type:application/x-rundeck-data-password]
[2020-09-22 09:07:20,123] get file keys/serveur8/serveur8 - [Rundeck-content-size:11, Rundeck-data-type:password, Rundeck-content-mask:content, Rundeck-content-creation-time:2020-09-22T08:47:09Z, Rundeck-auth-created-username:admin, Rundeck-auth-modified-username:admin, Rundeck-content-modify-time:2020-09-22T08:47:09Z, Rundeck-content-type:application/x-rundeck-data-password]
[2020-09-22 09:09:15,600] get file keys/serveur8/serveur8 - [Rundeck-content-size:11, Rundeck-data-type:password, Rundeck-content-mask:content, Rundeck-content-creation-time:2020-09-22T08:47:09Z, Rundeck-auth-created-username:admin, Rundeck-auth-modified-username:admin, Rundeck-content-modify-time:2020-09-22T08:47:09Z, Rundeck-content-type:application/x-rundeck-data-password]
[2020-09-22 09:10:40,744] get file keys/serveur8/serveur8 - [Rundeck-content-size:11, Rundeck-data-type:password, Rundeck-content-mask:content, Rundeck-content-creation-time:2020-09-22T08:47:09Z, Rundeck-auth-created-username:admin, Rundeck-auth-modified-username:admin, Rundeck-content-modify-time:2020-09-22T08:47:09Z, Rundeck-content-type:application/x-rundeck-data-password]
[2020-09-22 09:20:10,250] get file keys/serveur8/serveur8 - [Rundeck-content-size:11, Rundeck-data-type:password, Rundeck-content-mask:content, Rundeck-content-creation-time:2020-09-22T08:47:09Z, Rundeck-auth-created-username:admin, Rundeck-auth-modified-username:admin, Rundeck-content-modify-time:2020-09-22T08:47:09Z, Rundeck-content-type:application/x-rundeck-data-password]
[2020-09-22 09:59:27,300] get file keys/serveur8/serveur8 - [Rundeck-content-size:11, Rundeck-data-type:password, Rundeck-content-mask:content, Rundeck-content-creation-time:2020-09-22T08:47:09Z, Rundeck-auth-created-username:admin, Rundeck-auth-modified-username:admin, Rundeck-content-modify-time:2020-09-22T08:47:09Z, Rundeck-content-type:application/x-rundeck-data-password]
[2020-09-22 10:06:15,270] get file keys/serveur8/serveur8 - [Rundeck-content-size:11, Rundeck-data-type:password, Rundeck-content-mask:content, Rundeck-content-creation-time:2020-09-22T08:47:09Z, Rundeck-auth-created-username:admin, Rundeck-auth-modified-username:admin, Rundeck-content-modify-time:2020-09-22T08:47:09Z, Rundeck-content-type:application/x-rundeck-data-password]
[2020-09-22 10:08:50,631] get file keys/serveur8/serveur8 - [Rundeck-content-size:11, Rundeck-data-type:password, Rundeck-content-mask:content, Rundeck-content-creation-time:2020-09-22T08:47:09Z, Rundeck-auth-created-username:admin, Rundeck-auth-modified-username:admin, Rundeck-content-modify-time:2020-09-22T08:47:09Z, Rundeck-content-type:application/x-rundeck-data-password]
